# JRE version: OpenJDK Runtime Environment (21.0.8) (build 21.0.8+-14018985-b1038.68)
# Java VM: OpenJDK 64-Bit Server VM (21.0.8+-14018985-b1038.68, mixed mode, tiered, compressed oops, compressed class ptrs, g1 gc, windows-amd64)
GC Precious Log:
 CardTable entry size: 512
 Card Set container configuration: InlinePtr #cards 5 size 8 Array Of Cards #cards 12 size 40 Howl #buckets 4 coarsen threshold 1843 Howl Bitmap #cards 512 size 80 coarsen threshold 460 Card regions per heap region 1 cards per card region 2048
 CPUs: 6 total, 6 available
 Memory: 11637M
 Large Page Support: Disabled
 NUMA Support: Disabled
 Compressed Oops: Enabled (32-bit)
 Heap Region Size: 1M
 Heap Min Capacity: 8M
 Heap Initial Capacity: 182M
 Heap Max Capacity: 2G
 Pre-touch: Disabled
 Parallel Workers: 6
 Concurrent Workers: 2
 Concurrent Refinement Workers: 6
 Periodic GC: Disabled
Heap:
 garbage-first heap   total 318464K, used 203776K [0x0000000080000000, 0x0000000100000000)
  region size 1024K, 22 young (22528K), 12 survivors (12288K)
 Metaspace       used 157053K, committed 159168K, reserved 622592K
  class space    used 20691K, committed 21696K, reserved 425984K
GC Heap History (20 events):
Event: 22.195 GC heap before
{Heap before GC invocations=44 (full 0):
 garbage-first heap   total 172032K, used 156322K [0x0000000080000000, 0x0000000100000000)
  region size 1024K, 68 young (69632K), 7 survivors (7168K)
 Metaspace       used 142916K, committed 145024K, reserved 557056K
  class space    used 19161K, committed 20160K, reserved 425984K
}
Event: 22.208 GC heap after
{Heap after GC invocations=45 (full 0):
 garbage-first heap   total 174080K, used 103937K [0x0000000080000000, 0x0000000100000000)
  region size 1024K, 9 young (9216K), 9 survivors (9216K)
 Metaspace       used 142916K, committed 145024K, reserved 557056K
  class space    used 19161K, committed 20160K, reserved 425984K
}
Event: 23.302 GC heap before
{Heap before GC invocations=45 (full 0):
 garbage-first heap   total 174080K, used 155137K [0x0000000080000000, 0x0000000100000000)
  region size 1024K, 59 young (60416K), 9 survivors (9216K)
 Metaspace       used 149718K, committed 151808K, reserved 622592K
  class space    used 19965K, committed 20928K, reserved 425984K
}
Event: 23.312 GC heap after
{Heap after GC invocations=46 (full 0):
 garbage-first heap   total 174080K, used 106726K [0x0000000080000000, 0x0000000100000000)
  region size 1024K, 3 young (3072K), 3 survivors (3072K)
 Metaspace       used 149718K, committed 151808K, reserved 622592K
  class space    used 19965K, committed 20928K, reserved 425984K
}
Event: 24.206 GC heap before
{Heap before GC invocations=46 (full 0):
 garbage-first heap   total 174080K, used 157926K [0x0000000080000000, 0x0000000100000000)
  region size 1024K, 54 young (55296K), 3 survivors (3072K)
 Metaspace       used 150852K, committed 152896K, reserved 622592K
  class space    used 20110K, committed 21056K, reserved 425984K
}
Event: 24.220 GC heap after
{Heap after GC invocations=47 (full 0):
 garbage-first heap   total 174080K, used 116412K [0x0000000080000000, 0x0000000100000000)
  region size 1024K, 7 young (7168K), 7 survivors (7168K)
 Metaspace       used 150852K, committed 152896K, reserved 622592K
  class space    used 20110K, committed 21056K, reserved 425984K
}
Event: 24.664 GC heap before
{Heap before GC invocations=48 (full 0):
 garbage-first heap   total 194560K, used 156348K [0x0000000080000000, 0x0000000100000000)
  region size 1024K, 46 young (47104K), 7 survivors (7168K)
 Metaspace       used 150949K, committed 153024K, reserved 622592K
  class space    used 20110K, committed 21056K, reserved 425984K
}
Event: 24.683 GC heap after
{Heap after GC invocations=49 (full 0):
 garbage-first heap   total 194560K, used 130233K [0x0000000080000000, 0x0000000100000000)
  region size 1024K, 6 young (6144K), 6 survivors (6144K)
 Metaspace       used 150949K, committed 153024K, reserved 622592K
  class space    used 20110K, committed 21056K, reserved 425984K
}
Event: 26.030 GC heap before
{Heap before GC invocations=49 (full 0):
 garbage-first heap   total 194560K, used 180409K [0x0000000080000000, 0x0000000100000000)
  region size 1024K, 46 young (47104K), 6 survivors (6144K)
 Metaspace       used 152770K, committed 154880K, reserved 622592K
  class space    used 20333K, committed 21312K, reserved 425984K
}
Event: 26.047 GC heap after
{Heap after GC invocations=50 (full 0):
 garbage-first heap   total 194560K, used 133447K [0x0000000080000000, 0x0000000100000000)
  region size 1024K, 4 young (4096K), 4 survivors (4096K)
 Metaspace       used 152770K, committed 154880K, reserved 622592K
  class space    used 20333K, committed 21312K, reserved 425984K
}
Event: 26.249 GC heap before
{Heap before GC invocations=50 (full 0):
 garbage-first heap   total 194560K, used 174407K [0x0000000080000000, 0x0000000100000000)
  region size 1024K, 44 young (45056K), 4 survivors (4096K)
 Metaspace       used 152771K, committed 154880K, reserved 622592K
  class space    used 20333K, committed 21312K, reserved 425984K
}
Event: 26.263 GC heap after
{Heap after GC invocations=51 (full 0):
 garbage-first heap   total 196608K, used 151092K [0x0000000080000000, 0x0000000100000000)
  region size 1024K, 6 young (6144K), 6 survivors (6144K)
 Metaspace       used 152771K, committed 154880K, reserved 622592K
  class space    used 20333K, committed 21312K, reserved 425984K
}
Event: 26.536 GC heap before
{Heap before GC invocations=52 (full 0):
 garbage-first heap   total 227328K, used 162356K [0x0000000080000000, 0x0000000100000000)
  region size 1024K, 32 young (32768K), 6 survivors (6144K)
 Metaspace       used 152895K, committed 155008K, reserved 622592K
  class space    used 20338K, committed 21312K, reserved 425984K
}
Event: 26.550 GC heap after
{Heap after GC invocations=53 (full 0):
 garbage-first heap   total 227328K, used 145920K [0x0000000080000000, 0x0000000100000000)
  region size 1024K, 4 young (4096K), 4 survivors (4096K)
 Metaspace       used 152895K, committed 155008K, reserved 622592K
  class space    used 20338K, committed 21312K, reserved 425984K
}
Event: 26.806 GC heap before
{Heap before GC invocations=53 (full 0):
 garbage-first heap   total 227328K, used 187904K [0x0000000080000000, 0x0000000100000000)
  region size 1024K, 45 young (46080K), 4 survivors (4096K)
 Metaspace       used 153041K, committed 155136K, reserved 622592K
  class space    used 20340K, committed 21312K, reserved 425984K
}
Event: 26.895 GC heap after
{Heap after GC invocations=54 (full 0):
 garbage-first heap   total 318464K, used 142336K [0x0000000080000000, 0x0000000100000000)
  region size 1024K, 6 young (6144K), 6 survivors (6144K)
 Metaspace       used 153041K, committed 155136K, reserved 622592K
  class space    used 20340K, committed 21312K, reserved 425984K
}
Event: 28.323 GC heap before
{Heap before GC invocations=54 (full 0):
 garbage-first heap   total 318464K, used 232448K [0x0000000080000000, 0x0000000100000000)
  region size 1024K, 92 young (94208K), 6 survivors (6144K)
 Metaspace       used 156057K, committed 158144K, reserved 622592K
  class space    used 20602K, committed 21568K, reserved 425984K
}
Event: 28.348 GC heap after
{Heap after GC invocations=55 (full 0):
 garbage-first heap   total 318464K, used 162816K [0x0000000080000000, 0x0000000100000000)
  region size 1024K, 12 young (12288K), 12 survivors (12288K)
 Metaspace       used 156057K, committed 158144K, reserved 622592K
  class space    used 20602K, committed 21568K, reserved 425984K
}
Event: 28.784 GC heap before
{Heap before GC invocations=55 (full 0):
 garbage-first heap   total 318464K, used 243712K [0x0000000080000000, 0x0000000100000000)
  region size 1024K, 90 young (92160K), 12 survivors (12288K)
 Metaspace       used 156407K, committed 158528K, reserved 622592K
  class space    used 20605K, committed 21568K, reserved 425984K
}
Event: 28.808 GC heap after
{Heap after GC invocations=56 (full 0):
 garbage-first heap   total 318464K, used 191488K [0x0000000080000000, 0x0000000100000000)
  region size 1024K, 12 young (12288K), 12 survivors (12288K)
 Metaspace       used 156407K, committed 158528K, reserved 622592K
  class space    used 20605K, committed 21568K, reserved 425984K
}

